commit d0a44f6f1fe5b97e30ad7cc0a8cef2ac83b6d7ad
Author: Bryan Vuong <vuong.bryan@gmail.com>
Date:   Wed Nov 7 16:23:03 2012 -0600

    Refactor to WC2 and compiling files for zip

commit cf274727a09d570522fceef8159ade1c67926124
Author: Boris Jonica <boris.jonica@utexas.edu>
Date:   Wed Nov 7 16:13:39 2012 -0600

    Compile unit tests into TestWC2. Close #27

commit 8a006b35065374f2cd3053e209e38546f4c9c836
Author: Cassie Schwendiman <cassie.schwendiman@gmail.com>
Date:   Wed Nov 7 16:10:58 2012 -0600

    add width to social feed images

commit e6e4f4002d0b64bfd62099e4031e1292d5fd3e39
Author: Boris Jonica <boris.jonica@utexas.edu>
Date:   Wed Nov 7 16:08:24 2012 -0600

    update tests

commit 54d69c9ad6a64bc4ca95e00e77fad3544d39fd94
Author: Cassie Schwendiman <cassie.schwendiman@gmail.com>
Date:   Wed Nov 7 16:01:03 2012 -0600

    add styling and add template for import page

commit f113479c0787262c329c5dac616d0c5a69bf8f56
Author: Ryan Prater <ryanprater@utexas.edu>
Date:   Wed Nov 7 15:48:35 2012 -0600

    Fixed unit testing

commit 8a85fe6070a0d8f4746d222a5723bc9c820895f3
Author: Boris Jonica <boris.jonica@utexas.edu>
Date:   Wed Nov 7 14:44:35 2012 -0600

    fix empty fields

commit d4223b2beebdddef0d0c9ac2e2a44e2c414c3391
Author: Boris Jonica <boris.jonica@utexas.edu>
Date:   Wed Nov 7 14:43:39 2012 -0600

    better use of empty fields in test_person.xml

commit 07d7d2f9de07acc244a66046a286e0dc8e8484d0
Author: Boris Jonica <boris.jonica@utexas.edu>
Date:   Wed Nov 7 14:43:05 2012 -0600

    fix etree_to_dict unit test

commit 01691290914a1323ac0ca702ffcc54b36460968a
Author: Ryan Prater <ryanprater@utexas.edu>
Date:   Wed Nov 7 15:35:49 2012 -0600

    Fixed duplication of references. Fixes #40

commit e051af0160a900bda2ab9f411821e6dce3f43d75
Author: Bryan Vuong <vuong.bryan@gmail.com>
Date:   Wed Nov 7 14:53:08 2012 -0600

    Renamed UML Diagram pdf to conform

commit 047c79cffd1127aa907a18148f701b8625e72acb
Author: Bryan Vuong <vuong.bryan@gmail.com>
Date:   Wed Nov 7 14:51:35 2012 -0600

    Created Directory for submission files

commit e37a9c08ca75c03c4d3afe695e9cd029107ef85c
Author: Bryan Vuong <vuong.bryan@gmail.com>
Date:   Wed Nov 7 14:45:57 2012 -0600

    Modified export to export IDREFs

commit e764b3466e9a0dca81c8e1ffd8c3b1713403c2f0
Author: Boris Jonica <boris.jonica@utexas.edu>
Date:   Wed Nov 7 14:21:59 2012 -0600

    add documentation to tests

commit 35300313f7f3e35a2de84e89d0748de8cb7977c3
Author: Boris Jonica <boris.jonica@utexas.edu>
Date:   Wed Nov 7 14:12:51 2012 -0600

    update export unit tests to conform to new model

commit fa5b6e3d600b2150b27b2024236c42da935efa7a
Author: Boris Jonica <boris.jonica@utexas.edu>
Date:   Wed Nov 7 14:12:21 2012 -0600

    refactor nested import loop into importer.put_objects

commit 27383f52297c10c2aedc4b15acdd7bb6fe4d3b44
Merge: 12c5aef 3f82b29
Author: Ryan Prater <ryanprater@utexas.edu>
Date:   Wed Nov 7 11:55:41 2012 -0600

    Added reference relationships to importer.py. Closes #41

commit 12c5aef130fe7f79ec77119c1f6663aac7ef0385
Author: Ryan Prater <ryanprater@utexas.edu>
Date:   Wed Nov 7 11:45:05 2012 -0600

    Added object referencing to importer.py

commit 3f82b2995520435bf46dd662b27d53370785dea2
Author: Boris Jonica <boris.jonica@utexas.edu>
Date:   Wed Nov 7 02:29:29 2012 -0600

    remove outdated todo

commit 98fab899c3170537c30e85a1f3581858af64af46
Author: Boris Jonica <boris.jonica@utexas.edu>
Date:   Wed Nov 7 02:29:17 2012 -0600

    alter indentation

commit 2677677eade3067803b2054bb9db943cc51c2c30
Author: Boris Jonica <boris.jonica@utexas.edu>
Date:   Wed Nov 7 02:28:32 2012 -0600

    add exporter tests

commit 1b0c04c8cc8e069eb6bdc22595417926cd0f6db2
Author: Boris Jonica <boris.jonica@utexas.edu>
Date:   Tue Nov 6 22:19:59 2012 -0600

    update importer to test validation and importing methods

commit 41ae4b490481039f60355a0662b27c658e2129e3
Author: Boris Jonica <boris.jonica@utexas.edu>
Date:   Tue Nov 6 22:19:42 2012 -0600

    improve test schema instances

commit bb834d084ad0ed565251f1761c849a7f1135ae6d
Author: Boris Jonica <boris.jonica@utexas.edu>
Date:   Tue Nov 6 22:18:46 2012 -0600

    move iterative upload loop to its own method, put_objects

commit b6f1fe28f6129fe17e87fee52826204cd63aac8d
Author: Boris Jonica <boris.jonica@utexas.edu>
Date:   Tue Nov 6 21:09:22 2012 -0600

    add test person xml

commit 03dbd5f0f18618bf4127d6c6d1e5780483c07d96
Author: Boris Jonica <boris.jonica@utexas.edu>
Date:   Tue Nov 6 18:56:34 2012 -0600

    add test organization xml

commit 50e27b3af57db9bac5bdbce715d59501e787ba17
Author: Boris Jonica <boris.jonica@utexas.edu>
Date:   Tue Nov 6 18:56:11 2012 -0600

    add export test skeleton

commit 6e09fb207e33d801e3f91811159406f8a8f1decd
Author: Boris Jonica <boris.jonica@utexas.edu>
Date:   Tue Nov 6 18:31:57 2012 -0600

    remove unused import

commit 21c00ca59c59c2671ffdd10146ff9fe99944d24b
Author: Bryan Vuong <vuong.bryan@gmail.com>
Date:   Tue Nov 6 18:47:46 2012 -0600

    Fixed documentation in exporter

commit a044b229f84e204da01584aa5a666ef6a2099e36
Author: Boris Jonica <boris.jonica@utexas.edu>
Date:   Tue Nov 6 18:24:17 2012 -0600

    made tests passing. still WIP

commit 64f333aa9e181487c56ea3877f96794e5a6933cf
Merge: fead517 5b03890
Author: Cassie Schwendiman <cassie.schwendiman@gmail.com>
Date:   Tue Nov 6 18:19:22 2012 -0600

    Merge branch 'master' of https://github.com/vuongb/cs373-wc

commit fead5173ffff2e9dcca93d67ec04e060293b2727
Author: Cassie Schwendiman <cassie.schwendiman@gmail.com>
Date:   Tue Nov 6 18:19:01 2012 -0600

    add refs, remove comments, add state for jimmy carter

commit 5b03890c9d163a903804cd6cc5844f9b92f9c8b4
Author: Bryan Vuong <vuong.bryan@gmail.com>
Date:   Tue Nov 6 18:04:41 2012 -0600

    added asserts to export

commit a9c6574ed2aaa04cb826dcf4806e0cb119b60258
Merge: 74b0ef8 45de4ed
Author: Ryan Prater <ryanprater@utexas.edu>
Date:   Tue Nov 6 18:02:44 2012 -0600

    Merge branch 'master' of https://github.com/vuongb/cs373-wc

commit 74b0ef8795b3121c35c652049b045adb7c693f9b
Author: Ryan Prater <ryanprater@utexas.edu>
Date:   Tue Nov 6 18:02:07 2012 -0600

    cleaned up importer.py and added assertions and documentation. Closes #38

commit 45de4edcb89bebf5ea10b3472297f209c8ce8728
Author: Boris Jonica <boris.jonica@utexas.edu>
Date:   Tue Nov 6 17:37:22 2012 -0600

    update test to use WC2.xsd

commit 8b0e0ee30b270428baf8b691e0ff7e21c9bc1772
Author: Bryan Vuong <vuong.bryan@gmail.com>
Date:   Tue Nov 6 17:30:03 2012 -0600

    Fixed export; working now

commit 7ae551d17c0726f0b0bb0e354788c09317b31713
Author: Cassie Schwendiman <cassie.schwendiman@gmail.com>
Date:   Tue Nov 6 17:22:10 2012 -0600

    remove repeated description attribute on organization template

commit 9f3fb130fe8b33eef2ff4e2621102156e1d8bf8d
Author: Cassie Schwendiman <cassie.schwendiman@gmail.com>
Date:   Tue Nov 6 17:18:11 2012 -0600

    add templates

commit 3656e1342340190254a07edda18487f9d1ec7e7d
Author: Boris Jonica <boris.jonica@utexas.edu>
Date:   Tue Nov 6 16:34:15 2012 -0600

    remove outdated TODO

commit 1fc43072e29a06391b8142b249ca605a312a886d
Author: Boris Jonica <boris.jonica@utexas.edu>
Date:   Tue Nov 6 16:31:25 2012 -0600

    add documentation to str_from_tree

commit b24e63bc17450d3e7970f8863d606a795e1eb38a
Author: Boris Jonica <boris.jonica@utexas.edu>
Date:   Tue Nov 6 16:28:03 2012 -0600

    refactor importer helper methods out of WC1.py

commit fd2823dcd64dd2fc749745d728290deb90b6132c
Author: Bryan Vuong <vuong.bryan@gmail.com>
Date:   Tue Nov 6 16:09:26 2012 -0600

    Modified export

commit e081ea8bf9c928e7b8c22c031bb75ce75c66f6d7
Author: Ryan Prater <ryanprater@utexas.edu>
Date:   Tue Nov 6 15:29:29 2012 -0600

    Modified importer.py and models.py to validate our updated XML instance with WC2.xsd. Closes #35, Closes #36

commit f21d813036d4d7c88a85b9b39cf68a7bb7152c29
Author: Ryan Prater <ryanprater@utexas.edu>
Date:   Sat Nov 3 11:08:18 2012 -0500

    Did some work on importer. Internal Server Error on line 212 of importer.py

commit 7ca6f8316ce47ee2552ff2af216921f7207dea8a
Author: Michael Tarng <mtarng@gmail.com>
Date:   Wed Oct 31 17:48:42 2012 -0500

    updated alternate names for people. xml instance now validates against new schema

commit 3ced99170d5680ced2da9ed8538d166a3ebd8e99
Author: Michael Tarng <mtarng@gmail.com>
Date:   Wed Oct 31 17:43:50 2012 -0500

    Updated conflicts in xml to match new xsd

commit 3741c3f313a906c987a3ded5c9a34edc22db5580
Author: Michael Tarng <mtarng@gmail.com>
Date:   Wed Oct 31 12:56:31 2012 -0500

    modified sudanese conflict in new WC2.xml instance to be compliant with WC2.xsd schema

commit 9c581c13c7bd6866b3c808a308fad8d4484e635e
Author: Ryan Prater <ryanprater@utexas.edu>
Date:   Tue Oct 30 18:03:56 2012 -0500

    added the splash page which got deleted for some reason. Modified WC1 to use WC2.xsd

commit 0fb5405dcf5469c32bbd6d84cffeacd01c2a708a
Author: Michael Tarng <mtarng@gmail.com>
Date:   Tue Oct 30 17:58:49 2012 -0500

    fixed WC2.xsd file

commit c793b8004b451741a6a8758d9332e0a0bde59feb
Author: Ryan Prater <ryanprater@utexas.edu>
Date:   Tue Oct 30 17:52:15 2012 -0500

    added html directory for documentation and WC2.xsd (new schema)

commit 72a308dbac6e7c21fa8611f34e5b3a7300d35ead
Author: Ryan Prater <ryanprater@utexas.edu>
Date:   Wed Oct 24 19:50:00 2012 -0500

    changes before submission

commit 3a1c1792a38e5eadaaf6a4a98d1f522b64e61c10
Author: Boris Jonica <samnosuke@gmail.com>
Date:   Wed Oct 24 19:47:01 2012 -0500

    add xml files to text

commit 85391fe3c65567655534f9bb7d1bc774a63a526b
Author: Boris Jonica <samnosuke@gmail.com>
Date:   Wed Oct 24 19:46:26 2012 -0500

    consolidate unit tests in TestWC1

commit 7987781e99ea1a6342a5ce8b9b50bb0d292d5f53
Author: Boris Jonica <samnosuke@gmail.com>
Date:   Wed Oct 24 19:45:53 2012 -0500

    add test out

commit 80472449949b772326339b1a97433fe94c3d29c4
Author: Boris Jonica <samnosuke@gmail.com>
Date:   Wed Oct 24 19:43:01 2012 -0500

    add exporter unit test

commit a84d7d6b127ad76d8d1431308c4584fb02fa6819
Author: Boris Jonica <samnosuke@gmail.com>
Date:   Wed Oct 24 19:18:36 2012 -0500

    add test_exporter

commit e4a5a52592cf4ae7d99c2910daeb6ed499f903f6
Author: Boris Jonica <samnosuke@gmail.com>
Date:   Wed Oct 24 19:17:17 2012 -0500

    remove unused imports

commit cd69c843939937a4915749056d6dda7c564a040f
Author: Boris Jonica <samnosuke@gmail.com>
Date:   Wed Oct 24 19:16:55 2012 -0500

    add importer and uploader unit test

commit 0f921f7439da6ea293660d95b4f28a8d3dbb2b10
Author: Cassie Schwendiman <cassie@cs.utexas.edu>
Date:   Wed Oct 24 18:48:30 2012 -0500

    reset WC1 and importer

commit d90aaf46409bba65c8f10597edd0e2738ceadaed
Merge: d64ab1a a013bc3
Author: Cassie Schwendiman <cassie@cs.utexas.edu>
Date:   Wed Oct 24 18:44:35 2012 -0500

    Merge branch 'master' of https://github.com/vuongb/cs373-wc

commit d64ab1a96cc16660f221066440cccd0845b94dc1
Author: Cassie Schwendiman <cassie@cs.utexas.edu>
Date:   Wed Oct 24 18:44:07 2012 -0500

    move wc1 importer functions to importer

commit a013bc31491046498b4fd3ea9f90a9a93c4b6ec0
Author: Boris Jonica <samnosuke@gmail.com>
Date:   Wed Oct 24 18:41:50 2012 -0500

    remove references to django. replace with json

commit 42558922bf8ac95bb5d88962dbbedf204fc98a51
Author: Boris Jonica <samnosuke@gmail.com>
Date:   Wed Oct 24 18:34:10 2012 -0500

    uri of unit tests is "/test" not "/tests"

commit aedabea29c9e281589794adcba83d586b24079b6
Author: Cassie Schwendiman <cassie@cs.utexas.edu>
Date:   Wed Oct 24 18:18:40 2012 -0500

    add django to app.yaml

commit 885acac677a6966ed54ea027fc456793ff2c7804
Author: Boris Jonica <samnosuke@gmail.com>
Date:   Wed Oct 24 18:17:27 2012 -0500

    importer changes

commit a3e03e3217a9c8b3b0cb22663c5322abb2889066
Author: Bryan Vuong <vuong.bryan@gmail.com>
Date:   Wed Oct 24 18:05:47 2012 -0500

    Added documentation for exporter.py

commit f084e89873e42fc673077fe6b268e7a8e4fa0fa5
Author: Boris Jonica <samnosuke@gmail.com>
Date:   Wed Oct 24 18:03:23 2012 -0500

    remove unused import

commit 2fdf11cb3e60a3a7a039688b6bb2cb70420c7721
Author: Boris Jonica <samnosuke@gmail.com>
Date:   Wed Oct 24 17:58:19 2012 -0500

    add documentation and do some code cleanup

commit 89633d385f7349e070a2b53a1bad9fb4cbde7936
Author: Cassie Schwendiman <cassie@cs.utexas.edu>
Date:   Wed Oct 24 17:54:02 2012 -0500

    add a unit test

commit b45fa9faefd742d0392eae856b88578a32f0924c
Author: Bryan Vuong <vuong.bryan@gmail.com>
Date:   Wed Oct 24 17:33:15 2012 -0500

    Updated readme

commit a15e1218ca6dfb5c2e61d2b926c7401b2f7d70f9
Author: Boris Jonica <samnosuke@gmail.com>
Date:   Wed Oct 24 17:32:22 2012 -0500

    move MainHandler into phase2_wip -- used for serving dynamic html

commit 144b09f47dd340e55ed5adfea6e0cf55e57a977d
Author: Boris Jonica <samnosuke@gmail.com>
Date:   Wed Oct 24 17:27:08 2012 -0500

    handle invalid xml imports correctly

commit 6db233a320092b3eac883f08bdee4f976e340ddc
Author: Bryan Vuong <vuong.bryan@gmail.com>
Date:   Wed Oct 24 17:23:08 2012 -0500

    Got rid of accent marks on main XML EXPORTER WORKS

commit 3c2f5390522a7dfa303ddca7b09d685d907ca222
Merge: 92a89e3 387a3a1
Author: mtarng <mtarng@gmail.com>
Date:   Wed Oct 24 16:35:03 2012 -0500

    Merge branch 'master' of https://github.com/vuongb/cs373-wc

commit 92a89e3e1702e21b583854c75f3e37781d72cd6a
Author: mtarng <mtarng@gmail.com>
Date:   Wed Oct 24 16:34:57 2012 -0500

    Cleaned up and added required information on static html pages

commit 387a3a13d390a7bf73c2d6b01c4b941224074e62
Author: Boris Jonica <samnosuke@gmail.com>
Date:   Wed Oct 24 16:33:44 2012 -0500

    move test_wcunit to test/

commit d7a6d6f485939ae837090493329afff908579002
Author: Boris Jonica <samnosuke@gmail.com>
Date:   Wed Oct 24 15:47:56 2012 -0500

    make spacing uniform

commit cd647150827366fcebd0009364d2fad2e49fdc89
Merge: fc10e53 e8072f4
Author: Dereck Sanchez <psycster580@hotmail.com>
Date:   Wed Oct 24 16:26:13 2012 -0500

    Merge branch 'master' of https://github.com/vuongb/cs373-wc

commit fc10e53a16d22fce5676489aee3c6d22212a9383
Author: Dereck Sanchez <psycster580@hotmail.com>
Date:   Wed Oct 24 16:25:31 2012 -0500

    unit test tutortial file

commit e8072f4987ec97a0aa056d14afcd6f4c53e090c0
Author: Boris Jonica <samnosuke@gmail.com>
Date:   Wed Oct 24 15:46:40 2012 -0500

    update schema filename

commit bb1f731bde115109bf1dddfdb8e39e12f4f45dda
Author: Boris Jonica <samnosuke@gmail.com>
Date:   Wed Oct 24 15:45:01 2012 -0500

    display status message of xml upload

commit b274dbc74041547504ecf8fc0ae8052d73406c72
Author: Ryan Prater <ryanprater@utexas.edu>
Date:   Wed Oct 24 15:43:54 2012 -0500

    deleted unused file

commit a01472130b813e876d9a241eccc48c9ef6da036b
Merge: 0fd5424 5b19f0b
Author: Ryan Prater <ryanprater@utexas.edu>
Date:   Wed Oct 24 15:43:02 2012 -0500

    Merge branch 'master' of https://github.com/vuongb/cs373-wc

commit 0fd54241a21d466808359321571a9e9b6cfdd0e2
Author: Ryan Prater <ryanprater@utexas.edu>
Date:   Wed Oct 24 15:42:47 2012 -0500

    reorg of our file structure

commit 5b19f0b4adcccd08ee596a3a2f23d968b02ea661
Author: Boris Jonica <samnosuke@gmail.com>
Date:   Wed Oct 24 15:41:01 2012 -0500

    remove error checking, temporarily

commit 409e66d1d364778f9f6445f747b1b4e03dbe41d7
Author: Boris Jonica <samnosuke@gmail.com>
Date:   Wed Oct 24 15:39:30 2012 -0500

    remove error checking, temporarily

commit ed42b288af0b1c699f5360ca9afb26ed57cf230c
Author: Ryan Prater <ryanprater@utexas.edu>
Date:   Wed Oct 24 15:38:36 2012 -0500

    changed name of our schema

commit 023f57a75c427defa2180ff26e96901698d8b336
Author: Boris Jonica <samnosuke@gmail.com>
Date:   Wed Oct 24 15:38:09 2012 -0500

    remove finally

commit dba0612390c975628533329c034ad55cb5e5fcd7
Author: Boris Jonica <samnosuke@gmail.com>
Date:   Wed Oct 24 15:34:07 2012 -0500

    resolve exporter conflict

commit 2450e191eeb65c3ed6211e9ab19b4ee1d941914c
Author: Boris Jonica <samnosuke@gmail.com>
Date:   Wed Oct 24 15:31:06 2012 -0500

    try to not fail on importing invalid files

commit 0a5f8b91ff66511d1f7af989c3d0a83a55c80112
Author: Bryan Vuong <vuong.bryan@gmail.com>
Date:   Wed Oct 24 15:30:51 2012 -0500

    Fixed Exporter

commit c04d11377c5a6ab37a3da8b2c12b6853a8ffd6b3
Author: Ryan Prater <ryanprater@utexas.edu>
Date:   Wed Oct 24 15:26:30 2012 -0500

    renamed final xml instance

commit 90b5dd76713f4101d5cf8883731b70a05fe54d45
Author: mtarng <mtarng@gmail.com>
Date:   Wed Oct 24 15:18:27 2012 -0500

    complete xml instance with all 12 items

commit b19c902a3b7bf5922b6b4751a0204b9b84ff4d56
Merge: 1361c6f a7df6b6
Author: mtarng <mtarng@gmail.com>
Date:   Wed Oct 24 15:14:05 2012 -0500

    Merge branch 'master' of https://github.com/vuongb/cs373-wc

commit 1361c6fb70a55775c7050f46b04619a3741c440d
Author: mtarng <mtarng@gmail.com>
Date:   Wed Oct 24 15:14:00 2012 -0500

    fixed descriptions in xml files. building comprehensive xml file

commit a7df6b638569419199a6918f40d010de8630569d
Author: Ryan Prater <ryanprater@utexas.edu>
Date:   Wed Oct 24 15:09:07 2012 -0500

    3pm update. Import and export nearly finished

commit 80aa173c8f797cbd8c5c7ba4cb5bdc287d45e536
Merge: 0e3ecea 2644ec3
Author: mtarng <mtarng@gmail.com>
Date:   Wed Oct 24 14:48:45 2012 -0500

    Merge branch 'master' of https://github.com/vuongb/cs373-wc

commit 0e3ecea02ba894eb8460674b579369425edb5b4b
Author: mtarng <mtarng@gmail.com>
Date:   Wed Oct 24 14:48:34 2012 -0500

    xml validated for crisis and organizations

commit 2644ec3d1a785f7b4c4eb78ec672dfd4e3076792
Merge: 13417ff 3d662ef
Author: Ryan Prater <ryanprater@utexas.edu>
Date:   Wed Oct 24 14:47:00 2012 -0500

    Merge branch 'master' of https://github.com/vuongb/cs373-wc

commit 13417ff27d3efe375c5ef63a2e64928df1aa1edd
Author: Ryan Prater <ryanprater@utexas.edu>
Date:   Wed Oct 24 14:46:54 2012 -0500

    fixed maps import

commit 3d662eff191039bbdefcd32318ec8e67db563c07
Author: Bryan Vuong <vuong.bryan@gmail.com>
Date:   Wed Oct 24 14:39:00 2012 -0500

    Modified Exporter-Organization to ignore history

commit 8fc600f12a51df33e68421b32dd80fb2db301492
Author: mtarng <mtarng@gmail.com>
Date:   Wed Oct 24 14:33:09 2012 -0500

    removed duplicates in xml instances

commit ed3a6ff625b8ccb30c5e10a2fd1bbfb8f8cc4960
Author: Bryan Vuong <vuong.bryan@gmail.com>
Date:   Wed Oct 24 12:00:26 2012 -0500

    Fixed importer to work for all

commit 041dda843e072eca7d565848d9763700b0af8729
Author: Ryan Prater <ryanprater@utexas.edu>
Date:   Wed Oct 24 11:34:34 2012 -0500

    Import works for special classes of all main classes

commit fe50e2f5cf0b295c7d19962296623303ccdec201
Author: Ryan Prater <ryanprater@utexas.edu>
Date:   Wed Oct 24 11:21:14 2012 -0500

    untested code written for special class upload for org and person

commit e20e0d63384d68c4612061a1b357f907b9310474
Author: Ryan Prater <ryanprater@utexas.edu>
Date:   Wed Oct 24 11:07:20 2012 -0500

    imported special classes relating to crisis

commit dfdc1b3f48419072e1c17c3b3fa6ed18887ac717
Author: Boris Jonica <boris.jonica@utexas.edu>
Date:   Wed Oct 24 01:18:08 2012 -0500

    remove old comments

commit 34c3cf652796f8a6cbdd737e0eab35d645192d87
Author: Boris Jonica <boris.jonica@utexas.edu>
Date:   Wed Oct 24 01:17:07 2012 -0500

    convert xml file uploads to GAE objects. Fix #9

commit 595cf3ad1ebb5bd9e7c840efba6feec4776cef8f
Merge: 39adb5f dbe427a
Author: Ryan Prater <ryanprater@utexas.edu>
Date:   Wed Oct 24 03:13:02 2012 -0500

    Merge branch 'master' of https://github.com/vuongb/cs373-wc

commit 39adb5fbffac82af613b0864b8bc278778235e8d
Author: Ryan Prater <ryanprater@utexas.edu>
Date:   Wed Oct 24 03:12:48 2012 -0500

    merged WC1.py

commit dbe427a13eecb35dc6d6a9c6130dd272749be320
Author: Bryan Vuong <vuong.bryan@gmail.com>
Date:   Wed Oct 24 03:12:25 2012 -0500

    added nonworking upload file

commit 88b2048669604185eedd3a1489ba4b250b955f21
Merge: d96e945 dc5b630
Author: Ryan Prater <ryanprater@utexas.edu>
Date:   Wed Oct 24 03:12:21 2012 -0500

    merged WC1

commit d96e9458f3d87fc176c61e45092ca2a76d77add5
Author: Ryan Prater <ryanprater@utexas.edu>
Date:   Wed Oct 24 03:02:11 2012 -0500

    almost have special classes working

commit dc5b630d98e0177c1502ed6178ae5a5c01079b5c
Author: Bryan Vuong <vuong.bryan@gmail.com>
Date:   Wed Oct 24 02:42:59 2012 -0500

    add password protection of importhandler, start implmenting upload

commit f5e8b88f93ed4349d5c28b47474927aa5b993760
Author: Dereck Sanchez <psycster580@hotmail.com>
Date:   Wed Oct 24 02:10:24 2012 -0500

    updaded html info for algore and doctorswb

commit 2e50a5bdf42db94ae4e5379a17c9498bab64dc4a
Author: Dereck Sanchez <psycster580@hotmail.com>
Date:   Wed Oct 24 01:57:46 2012 -0500

    removed conflicting newlines in xml files

commit 62fff939d5acbb99c0ed8c6ea96bed29447c22fa
Author: Bryan Vuong <vuong.bryan@gmail.com>
Date:   Wed Oct 24 01:54:01 2012 -0500

    removed unneeded files

commit 8b4052e1ce169989a050f7042f20e0e8cc9aa05f
Author: Bryan Vuong <vuong.bryan@gmail.com>
Date:   Wed Oct 24 01:50:25 2012 -0500

    Added export handlers

commit 2dfff3b010ab7a961188ce435f5724d146ccfa78
Merge: f1116ef 039ec6f
Author: mtarng <mtarng@gmail.com>
Date:   Wed Oct 24 01:45:11 2012 -0500

    Merge branch 'master' of https://github.com/vuongb/cs373-wc

commit f1116ef038bc4225148aaf1e728b94f7ec39ccdd
Author: mtarng <mtarng@gmail.com>
Date:   Wed Oct 24 01:44:55 2012 -0500

    added people xml files

commit 039ec6f104ca022cfac4a295f13e571f3c73c948
Author: Bryan Vuong <vuong.bryan@gmail.com>
Date:   Wed Oct 24 01:35:00 2012 -0500

    Import now works for alternate-names

commit af3590dae8a7af28c04bd2c51872edd4f6d72fc1
Author: Bryan Vuong <vuong.bryan@gmail.com>
Date:   Wed Oct 24 01:28:42 2012 -0500

    Changed the schema; modified importer for people and organization
    
    schema changed to be list of alternate names

commit 927960c5fc4af6afc1a984b78585272efd5a2411
Author: mtarng <mtarng@gmail.com>
Date:   Wed Oct 24 01:25:22 2012 -0500

    added crisis xml files

commit 5b9424007defb014ba7bd33871a93d0b8d1e27dc
Author: mtarng <mtarng@gmail.com>
Date:   Wed Oct 24 01:00:59 2012 -0500

    adding organization xml files

commit 79140f67707873619d41af6477e23920339dc4cc
Author: Bryan Vuong <vuong.bryan@gmail.com>
Date:   Wed Oct 24 00:40:14 2012 -0500

    Yeah you'd like me to push ryan

commit 6a732edac8a7f826e77ec34c345ddd2761d78c75
Author: Bryan Vuong <vuong.bryan@gmail.com>
Date:   Wed Oct 24 00:36:17 2012 -0500

    Ryan's mom

commit 5e7ac2970d6cc0919860a70c0f2d7d4f6f897f08
Author: Bryan Vuong <vuong.bryan@gmail.com>
Date:   Wed Oct 24 00:20:48 2012 -0500

    People and Organization Handler/Importer

commit 1fb571a16313841720eb34d593dff5fa6b774dde
Author: Ryan Prater <ryanprater@utexas.edu>
Date:   Tue Oct 23 23:50:10 2012 -0500

    bryan sux

commit 4a4c08039e0dab76b684114e145512120e122eb1
Merge: 036175a 46a173d
Author: Ryan Prater <ryanprater@utexas.edu>
Date:   Tue Oct 23 23:33:17 2012 -0500

    Merge branch 'master' of https://github.com/vuongb/cs373-wc

commit 036175ae6938dfc3969bf08ce340869df430be38
Author: Ryan Prater <ryanprater@utexas.edu>
Date:   Tue Oct 23 23:32:43 2012 -0500

    first import to local datastore. Crisis import kinda works! Fixes #17

commit 46a173d279ff55140316d8a494eb84d12a8daf84
Author: Bryan Vuong <vuong.bryan@gmail.com>
Date:   Tue Oct 23 23:22:26 2012 -0500

    Added final edits to my static html files

commit 1399f7934ef6f889b7300c4430194361fed0f843
Merge: 4268d11 e0d2cfd
Author: Cassie Schwendiman <cassie.schwendiman@gmail.com>
Date:   Tue Oct 23 23:16:20 2012 -0500

    Merge branch 'master' of https://github.com/vuongb/cs373-wc

commit 4268d113d7df1a5a48c9ad7763774dab4a333946
Author: Cassie Schwendiman <cassie.schwendiman@gmail.com>
Date:   Tue Oct 23 23:16:03 2012 -0500

    begin combining xml into WC1.xml

commit e0d2cfd67bebd4b3ac5396a23b9dff56308b677f
Author: mtarng <mtarng@gmail.com>
Date:   Tue Oct 23 23:13:39 2012 -0500

    modified landing page

commit a542299799db9cc1ed901a7a9bbb17bbe283e7d7
Author: mtarng <mtarng@gmail.com>
Date:   Tue Oct 23 23:03:33 2012 -0500

    added jimmy carter and invisible children pages. sourced build.py from cassie

commit 12ca760ceb839073c98a367695d1db96704c31ab
Author: mtarng <mtarng@gmail.com>
Date:   Tue Oct 23 22:25:17 2012 -0500

    added mexican drug war and felipe calderon pages

commit bd1090f99cfad4a228b3d806f58a1476f3d6c760
Merge: 0fd1342 506926a
Author: Ryan Prater <ryanprater@utexas.edu>
Date:   Tue Oct 23 22:15:40 2012 -0500

    Merge branch 'master' of https://github.com/vuongb/cs373-wc

commit 0fd13428a2719b14bf9b3c6b9c5d514a91bf2b8f
Author: Ryan Prater <ryanprater@utexas.edu>
Date:   Tue Oct 23 22:15:03 2012 -0500

    brute forcing import.py, crisis almost done

commit 506926a509653ca46ce4a908cd014bc2f0fca30d
Author: Dereck Sanchez <psycster580@hotmail.com>
Date:   Tue Oct 23 22:14:10 2012 -0500

    Adding html and xml files for doctors without borders and al gore. Note html not complete

commit bed3025ec887399075c934a97c6e50d8cc2a23e2
Merge: 5b4a67e 2e0875a
Author: mtarng <mtarng@gmail.com>
Date:   Tue Oct 23 20:29:19 2012 -0500

    Merge branch 'master' of https://github.com/vuongb/cs373-wc

commit 5b4a67ef3d8eb166c509229186fb8798ddfbcbe2
Author: mtarng <mtarng@gmail.com>
Date:   Tue Oct 23 20:28:51 2012 -0500

    Added export.py start

commit 2e0875ae95d3062c67226db9b7ea24e618f2c115
Author: Ryan Prater <ryanprater@utexas.edu>
Date:   Tue Oct 23 20:27:48 2012 -0500

    blah

commit 9978569e6418219e3f34fbe146668c076a3e296d
Author: Ryan Prater <ryanprater@utexas.edu>
Date:   Tue Oct 23 19:44:16 2012 -0500

    added xml to dict function

commit 39367ecd96869a193614cf48af95036e3d27b48e
Merge: 2764810 ea525af
Author: mtarng <mtarng@gmail.com>
Date:   Tue Oct 23 19:17:08 2012 -0500

    Merge branch 'master' of https://github.com/vuongb/cs373-wc

commit 276481051d76ad484ec5b69eacccf0a4e638dea9
Author: mtarng <mtarng@gmail.com>
Date:   Tue Oct 23 19:16:52 2012 -0500

    Added more information on FOT page. Fixed links on splash page

commit ea525af6f745aeb05b3ab765448a24be53bb214c
Author: Boris Jonica <boris.jonica@utexas.edu>
Date:   Tue Oct 23 19:15:43 2012 -0500

    merge dict convert

commit 7caf312a268213a132f361f111639babd4fae87e
Merge: dcfa362 d5a92c6
Author: Ryan Prater <ryanprater@utexas.edu>
Date:   Tue Oct 23 19:14:00 2012 -0500

    Merge branch 'master' of https://github.com/vuongb/cs373-wc

commit dcfa3620a3e7783a8cd5e4a515f3dc469afcdab9
Author: Ryan Prater <ryanprater@utexas.edu>
Date:   Tue Oct 23 19:13:42 2012 -0500

    preliminary xml to dict function in import.py

commit d5a92c659023cd6ab9dc4c962d8d737075dab761
Author: Michael <michael@inspironserver.(none)>
Date:   Tue Oct 23 18:58:10 2012 -0500

    changed spash page link from cyclone to breast cancer

commit b10a3e7ab732933738d46bf3c8ef85b807e389b5
Author: Boris Jonica <boris.jonica@utexas.edu>
Date:   Tue Oct 23 18:55:52 2012 -0500

    sample text, attribute, and tag printing

commit 10cae9763af98e8bddec471d4c1b90cd0e390fbd
Author: Boris Jonica <boris.jonica@utexas.edu>
Date:   Tue Oct 23 18:41:24 2012 -0500

    use iterator to go through all elements in tree

commit 5ab7c2aba29fc9cb04a4ae86f8d16e9bb879b553
Author: Boris Jonica <boris.jonica@utexas.edu>
Date:   Tue Oct 23 18:30:52 2012 -0500

    add process function to read and create objects from xml elements

commit c3fe25ec48278daed2630ada1432b55481cdce06
Author: Boris Jonica <boris.jonica@utexas.edu>
Date:   Tue Oct 23 18:26:19 2012 -0500

    add process function to read and create objects from xml elements

commit 3374a02b2ed35deaff1b1f98718cd20c5994ef35
Author: Bryan Vuong <vuong.bryan@gmail.com>
Date:   Tue Oct 23 18:25:54 2012 -0500

    Added static html for libyan civil war and oxfam

commit 7e5268ccc22725108086fb506778b6012e60c540
Author: Ryan Prater <ryanprater@utexas.edu>
Date:   Tue Oct 23 17:28:02 2012 -0500

    created xml_instances folder

commit 414093635f9c3cdd70c88c2bfede0e1ba1f4c7a1
Author: Boris Jonica <boris.jonica@utexas.edu>
Date:   Tue Oct 23 11:47:01 2012 -0500

    change WC1.py to WC1.app. Otherwise GAE doesn't run app

commit 5182713b32c3c790be95f97183a0c99e05fed83b
Author: Boris Jonica <boris.jonica@utexas.edu>
Date:   Tue Oct 23 11:46:20 2012 -0500

    validate xml against xsl

commit 0315ec61eca35a96c93e0c53388c7ed4c4b7637f
Author: Boris Jonica <boris.jonica@utexas.edu>
Date:   Tue Oct 23 11:35:12 2012 -0500

    fix spelling

commit 3b552e6a89da237ce9a1e3e598acdd371cef3aed
Author: Boris Jonica <boris.jonica@utexas.edu>
Date:   Tue Oct 23 10:53:10 2012 -0500

    added import of 'db'

commit b2000052b5f6d30771c770da4d9981a78e2792fc
Author: mtarng <mtarng@gmail.com>
Date:   Mon Oct 22 21:53:48 2012 -0500

    modified splash page

commit 8331c2305dec393ed531268549a726381d6a1b54
Author: mtarng <mtarng@gmail.com>
Date:   Mon Oct 22 21:41:46 2012 -0500

    added static Sudanese Conflict page

commit 098bca272591cb23fcf1ccdedbf9faa416aec7fb
Author: mtarng <mtarng@gmail.com>
Date:   Mon Oct 22 21:35:00 2012 -0500

    added static TOMS page

commit 1d5b8f1ca3a82f768bfbc12215421099300e8edf
Author: mtarng <mtarng@gmail.com>
Date:   Mon Oct 22 21:09:06 2012 -0500

    testing repo clone

commit 9ddd54da590a8d300e41ac8233277724e6be102b
Author: Ryan Prater <ryanprater@utexas.edu>
Date:   Mon Oct 22 18:18:24 2012 -0500

    Ryan created and validated his XML instances

commit 60c2bbc94a49699cc6db6508b600220adfc81222
Author: Ryan Prater <ryanprater@utexas.edu>
Date:   Mon Oct 22 17:24:21 2012 -0500

    changed my crisis from cyclone nargis to breast cancer and made an HTML page

commit bb2774b241973d1053dc16feb4314da4b055669f
Author: Cassie Schwendiman <cassie@cs.utexas.edu>
Date:   Mon Oct 22 16:00:30 2012 -0500

    move Models to own file, made adjustments, rename main to WC1

commit 8952f152e3d1595a08736c029719b419777f5b2b
Author: Cassie Schwendiman <cassie@cs.utexas.edu>
Date:   Mon Oct 22 15:42:48 2012 -0500

    add gitignore to ignore .pyc files, and any google_appengine dirs

commit e75ffec090ce76ec48a5f4c9f578866178705b40
Author: Cassie Schwendiman <cassie@cs.utexas.edu>
Date:   Mon Oct 22 15:41:05 2012 -0500

    move unicornsteroids contents to main directory, move html pages to static
    directory

commit 400a0644f121e7911378022d7f7dfa6fde62a499
Author: Boris Jonica <boris.jonica@utexas.edu>
Date:   Sun Oct 21 22:58:03 2012 -0500

    add methods for querying and displaying data from datastore

commit 5d1e38ab33f67f14367afaa92f46c1cf703837df
Author: Boris Jonica <boris.jonica@utexas.edu>
Date:   Sun Oct 21 19:26:11 2012 -0500

    change plural "People" class to "Person".

commit 0c0ec89e307bd3bf66abd8cf042be12d69516dfe
Author: Boris Jonica <boris.jonica@utexas.edu>
Date:   Sun Oct 21 19:25:57 2012 -0500

    prepend attribute names with us_ to avoid conflicts with reserved words.

commit cd09d9c6675b3d2d0cca32d9d5ef88f47091ddaf
Author: Ryan Prater <ryanprater@utexas.edu>
Date:   Sun Oct 21 19:27:49 2012 -0500

    Ryan added his research HTML pages

commit 6256ab5cf7700830c55e4dbbfefd7cad33bacc84
Author: Ryan Prater <ryanprater@utexas.edu>
Date:   Sun Oct 21 14:38:58 2012 -0500

    Added HTML template and update models in main.py. Fixes #13

commit 448cdc3db6f9c4f6f6f8604a8893398523057900
Author: Bryan Vuong <vuong.bryan@gmail.com>
Date:   Sun Oct 21 12:47:51 2012 -0500

    Model first commit

commit e2c9e3f7b89bd40edd3ec5d78b70c6902fd1d638
Author: Bryan Vuong <vuong.bryan@gmail.com>
Date:   Sun Oct 21 00:53:29 2012 -0500

    Added app engine directory

commit 4f54cbd4e053a5e86cff3c13c08f8213c0989436
Author: Boris Jonica <boris.jonica@utexas.edu>
Date:   Mon Oct 15 20:15:12 2012 -0500

    add project skeleton

commit 2ff71686d64b2da857349eb77cc2fc6bf07de1cd
Author: Boris Jonica <boris.jonica@utexas.edu>
Date:   Mon Oct 15 20:13:27 2012 -0500

    add Boris' info

commit 4461371bc18dca48661a91250abd85ceefe6492e
Author: Bryan Vuong <vuong.bryan@gmail.com>
Date:   Mon Oct 15 14:20:34 2012 -0500

    Initial Commit
